<?xml version="1.0" encoding="UTF-8"?>
<testng-results skipped="0" failed="0" ignored="0" total="1" passed="1">
  <reporter-output>
  </reporter-output>
  <suite name="Suite" duration-ms="29685" started-at="2019-10-11T10:17:31 IST" finished-at="2019-10-11T10:18:00 IST">
    <groups>
      <group name="cucumber">
        <method signature="AbstractTestNGCucumberTests.feature(cucumber.api.testng.CucumberFeatureWrapper)[pri:0, instance:runner.TestRunner@8e7350]" name="feature" class="cucumber.api.testng.AbstractTestNGCucumberTests"/>
      </group> <!-- cucumber -->
    </groups>
    <test name="Test" duration-ms="29685" started-at="2019-10-11T10:17:31 IST" finished-at="2019-10-11T10:18:00 IST">
      <class name="runner.TestRunner">
        <test-method status="PASS" signature="setUpClass()[pri:0, instance:runner.TestRunner@8e7350]" name="setUpClass" is-config="true" duration-ms="888" started-at="2019-10-11T10:17:31 IST" finished-at="2019-10-11T10:17:32 IST">
          <reporter-output>
          </reporter-output>
        </test-method> <!-- setUpClass -->
        <test-method status="PASS" signature="feature(cucumber.api.testng.CucumberFeatureWrapper)[pri:0, instance:runner.TestRunner@8e7350]" name="feature" duration-ms="28401" started-at="2019-10-11T10:17:32 IST" description="Runs Cucumber Feature" data-provider="features" finished-at="2019-10-11T10:18:00 IST">
          <params>
            <param index="0">
              <value>
                <![CDATA[Login Test Scenario]]>
              </value>
            </param>
          </params>
          <reporter-output>
          </reporter-output>
        </test-method> <!-- feature -->
        <test-method status="PASS" signature="tearDownClass()[pri:0, instance:runner.TestRunner@8e7350]" name="tearDownClass" is-config="true" duration-ms="47" started-at="2019-10-11T10:18:00 IST" finished-at="2019-10-11T10:18:00 IST">
          <reporter-output>
          </reporter-output>
        </test-method> <!-- tearDownClass -->
      </class> <!-- runner.TestRunner -->
    </test> <!-- Test -->
  </suite> <!-- Suite -->
</testng-results>
